<?xml version="1.0" encoding="UTF-8"?>
<testsuite name="1" tests="2" skipped="0" failures="0" errors="0" timestamp="2017-07-29T08:09:38" hostname="Antons-MacBook.local" time="0.431">
  <properties/>
  <testcase name="autovalueCreation" classname="com.consumer.data.entity.accommodation.AccommodationTypeFilterTest" time="0.012"/>
  <testcase name="gsonTypeAdapter" classname="com.consumer.data.entity.accommodation.AccommodationTypeFilterTest" time="0.418"/>
  <system-out><![CDATA[]]></system-out>
  <system-err><![CDATA[]]></system-err>
</testsuite>
