<?xml version="1.0" encoding="UTF-8"?>
<testsuite name="2" tests="10" skipped="0" failures="0" errors="0" timestamp="2017-07-29T08:09:38" hostname="Antons-MacBook.local" time="0.012">
  <properties/>
  <testcase name="testForRateid[0]" classname="com.consumer.data.entity.BadgeTypeForBadgeIDTest" time="0.005"/>
  <testcase name="testForRateid[1]" classname="com.consumer.data.entity.BadgeTypeForBadgeIDTest" time="0.0"/>
  <testcase name="testForRateid[2]" classname="com.consumer.data.entity.BadgeTypeForBadgeIDTest" time="0.0"/>
  <testcase name="testForRateid[3]" classname="com.consumer.data.entity.BadgeTypeForBadgeIDTest" time="0.001"/>
  <testcase name="testForRateid[4]" classname="com.consumer.data.entity.BadgeTypeForBadgeIDTest" time="0.001"/>
  <testcase name="testForRateid[5]" classname="com.consumer.data.entity.BadgeTypeForBadgeIDTest" time="0.001"/>
  <testcase name="testForRateid[6]" classname="com.consumer.data.entity.BadgeTypeForBadgeIDTest" time="0.001"/>
  <testcase name="testForRateid[7]" classname="com.consumer.data.entity.BadgeTypeForBadgeIDTest" time="0.0"/>
  <testcase name="testForRateid[8]" classname="com.consumer.data.entity.BadgeTypeForBadgeIDTest" time="0.0"/>
  <testcase name="testForRateid[9]" classname="com.consumer.data.entity.BadgeTypeForBadgeIDTest" time="0.0"/>
  <system-out><![CDATA[]]></system-out>
  <system-err><![CDATA[]]></system-err>
</testsuite>
